â¯ Building...

  polyfills.js       87.7kb
  polyfills.js.map  188.5kb

âš¡ Done in 145ms
âœ˜ [ERROR] NG6008: Component ProductsComponent is standalone, and cannot be declared in an NgModule. Did you mean to import it instead? [plugin angular-compiler]

    src/app/app.module.ts:35:4:
      35 â”‚     ProductsComponent,
         â•µ     ~~~~~~~~~~~~~~~~~

âœ˜ [ERROR] TS2420: Class 'AuthComponent' incorrectly implements interface 'OnInit'.
  Property 'ngOnInit' is missing in type 'AuthComponent' but required in type 'OnInit'. [plugin angular-compiler]

    src/app/components/auth/auth.component.ts:13:13:
      13 â”‚ export class AuthComponent implements OnInit {
         â•µ              ~~~~~~~~~~~~~

  'ngOnInit' is declared here.

    node_modules/@angular/core/index.d.ts:690:4:
      690 â”‚     ngOnInit(): void;
          â•µ     ~~~~~~~~~~~~~~~~~

âœ˜ [ERROR] TS1005: ',' expected. [plugin angular-compiler]

    src/app/components/auth/auth.component.ts:29:2:
      29 â”‚   ngOnInit(): void {
         â•µ   ~~~~~~~~

âœ˜ [ERROR] TS2304: Cannot find name 'ngOnInit'. [plugin angular-compiler]

    src/app/components/auth/auth.component.ts:29:2:
      29 â”‚   ngOnInit(): void {
         â•µ   ~~~~~~~~

âœ˜ [ERROR] TS1005: ',' expected. [plugin angular-compiler]

    src/app/components/auth/auth.component.ts:29:12:
      29 â”‚   ngOnInit(): void {
         â•µ             ^

âœ˜ [ERROR] TS2554: Expected 1-2 arguments, but got 5. [plugin angular-compiler]

    src/app/components/auth/auth.component.ts:29:14:
      29 â”‚   ngOnInit(): void {
         â•µ               ~~~~~~

âœ˜ [ERROR] TS1005: ':' expected. [plugin angular-compiler]

    src/app/components/auth/auth.component.ts:31:8:
      31 â”‚     this.authService.user$.subscribe(user => {
         â•µ         ^

âœ˜ [ERROR] TS7006: Parameter 'user' implicitly has an 'any' type. [plugin angular-compiler]

    src/app/components/auth/auth.component.ts:31:37:
      31 â”‚     this.authService.user$.subscribe(user => {
         â•µ                                      ~~~~

âœ˜ [ERROR] TS1005: ',' expected. [plugin angular-compiler]

    src/app/components/auth/auth.component.ts:38:2:
      38 â”‚   onLogin(): void {
         â•µ   ~~~~~~~

âœ˜ [ERROR] TS2304: Cannot find name 'onLogin'. [plugin angular-compiler]

    src/app/components/auth/auth.component.ts:38:2:
      38 â”‚   onLogin(): void {
         â•µ   ~~~~~~~

âœ˜ [ERROR] TS1005: ',' expected. [plugin angular-compiler]

    src/app/components/auth/auth.component.ts:38:11:
      38 â”‚   onLogin(): void {
         â•µ            ^

âœ˜ [ERROR] TS1005: ',' expected. [plugin angular-compiler]

    src/app/components/auth/auth.component.ts:39:12:
      39 â”‚     if (this.loginForm.invalid) {
         â•µ             ^

âœ˜ [ERROR] TS1005: ',' expected. [plugin angular-compiler]

    src/app/components/auth/auth.component.ts:39:30:
      39 â”‚     if (this.loginForm.invalid) {
         â•µ                               ^

âœ˜ [ERROR] TS1005: ',' expected. [plugin angular-compiler]

    src/app/components/auth/auth.component.ts:39:32:
      39 â”‚     if (this.loginForm.invalid) {
         â•µ                                 ^

âœ˜ [ERROR] TS1005: ':' expected. [plugin angular-compiler]

    src/app/components/auth/auth.component.ts:40:10:
      40 â”‚       this.errorMessage = 'Veuillez remplir les champs correctemen...
         â•µ           ^

âœ˜ [ERROR] TS1005: ',' expected. [plugin angular-compiler]

    src/app/components/auth/auth.component.ts:40:69:
      40 â”‚ ...mplir les champs correctement.';  // Multilingual : {{ 'form.in...
         â•µ                                   ^

âœ˜ [ERROR] TS1005: ':' expected. [plugin angular-compiler]

    src/app/components/auth/auth.component.ts:41:12:
      41 â”‚       return;
         â•µ             ^

âœ˜ [ERROR] TS1005: ',' expected. [plugin angular-compiler]

    src/app/components/auth/auth.component.ts:44:4:
      44 â”‚     this.isLoading = true;
         â•µ     ~~~~

âœ˜ [ERROR] TS1005: ')' expected. [plugin angular-compiler]

    src/app/components/auth/auth.component.ts:44:25:
      44 â”‚     this.isLoading = true;
         â•µ                          ^

âœ˜ [ERROR] TS2552: Cannot find name 'UserCredential'. Did you mean 'Credential'? [plugin angular-compiler]

    src/app/components/auth/auth.component.ts:49:60:
      49 â”‚ ...ervice.login(email, password).then((response: UserCredential) => {
         â•µ                                                  ~~~~~~~~~~~~~~

  'Credential' is declared here.

    node_modules/typescript/lib/lib.dom.d.ts:8381:12:
      8381 â”‚ declare var Credential: {
           â•µ             ~~~~~~~~~~

âœ˜ [ERROR] TS1128: Declaration or statement expected. [plugin angular-compiler]

    src/app/components/auth/auth.component.ts:50:6:
      50 â”‚       ).then((response: UserCredential) => {
         â•µ       ^

âœ˜ [ERROR] TS2552: Cannot find name 'UserCredential'. Did you mean 'Credential'? [plugin angular-compiler]

    src/app/components/auth/auth.component.ts:50:24:
      50 â”‚       ).then((response: UserCredential) => {
         â•µ                         ~~~~~~~~~~~~~~

  'Credential' is declared here.

    node_modules/typescript/lib/lib.dom.d.ts:8381:12:
      8381 â”‚ declare var Credential: {
           â•µ             ~~~~~~~~~~

âœ˜ [ERROR] TS2304: Cannot find name 'Logged'. [plugin angular-compiler]

    src/app/components/auth/auth.component.ts:51:20:
      51 â”‚         console.log(Logged in:, response.user.uid);
         â•µ                     ~~~~~~

âœ˜ [ERROR] TS1109: Expression expected. [plugin angular-compiler]

    src/app/components/auth/auth.component.ts:51:29:
      51 â”‚         console.log(Logged in:, response.user.uid);
         â•µ                              ^

âœ˜ [ERROR] TS1135: Argument expression expected. [plugin angular-compiler]

    src/app/components/auth/auth.component.ts:51:30:
      51 â”‚         console.log(Logged in:, response.user.uid);
         â•µ                               ^

âœ˜ [ERROR] TS2304: Cannot find name 'Login'. [plugin angular-compiler]

    src/app/components/auth/auth.component.ts:54:22:
      54 â”‚         console.error(Login error:, error);
         â•µ                       ~~~~~

âœ˜ [ERROR] TS1005: ',' expected. [plugin angular-compiler]

    src/app/components/auth/auth.component.ts:54:28:
      54 â”‚         console.error(Login error:, error);
         â•µ                             ~~~~~

âœ˜ [ERROR] TS1005: ',' expected. [plugin angular-compiler]

    src/app/components/auth/auth.component.ts:54:33:
      54 â”‚         console.error(Login error:, error);
         â•µ                                  ^

âœ˜ [ERROR] TS1135: Argument expression expected. [plugin angular-compiler]

    src/app/components/auth/auth.component.ts:54:34:
      54 â”‚         console.error(Login error:, error);
         â•µ                                   ^

âœ˜ [ERROR] TS2304: Cannot find name 'Login'. [plugin angular-compiler]

    src/app/components/auth/auth.component.ts:58:18:
      58 â”‚     console.error(Login error:, error);
         â•µ                   ~~~~~

âœ˜ [ERROR] TS1005: ',' expected. [plugin angular-compiler]

    src/app/components/auth/auth.component.ts:58:24:
      58 â”‚     console.error(Login error:, error);
         â•µ                         ~~~~~

âœ˜ [ERROR] TS1005: ',' expected. [plugin angular-compiler]

    src/app/components/auth/auth.component.ts:58:29:
      58 â”‚     console.error(Login error:, error);
         â•µ                              ^

âœ˜ [ERROR] TS1135: Argument expression expected. [plugin angular-compiler]

    src/app/components/auth/auth.component.ts:58:30:
      58 â”‚     console.error(Login error:, error);
         â•µ                               ^

âœ˜ [ERROR] TS2695: Left side of comma operator is unused and has no side effects. [plugin angular-compiler]

    src/app/components/auth/auth.component.ts:60:12:
      60 â”‚       next: (response: UserCredential) => {
         â•µ             ~~~~~~~~~~~~~~~~~~~~~~~~~~~~~~~

âœ˜ [ERROR] TS2552: Cannot find name 'UserCredential'. Did you mean 'Credential'? [plugin angular-compiler]

    src/app/components/auth/auth.component.ts:60:23:
      60 â”‚       next: (response: UserCredential) => {
         â•µ                        ~~~~~~~~~~~~~~

  'Credential' is declared here.

    node_modules/typescript/lib/lib.dom.d.ts:8381:12:
      8381 â”‚ declare var Credential: {
           â•µ             ~~~~~~~~~~

âœ˜ [ERROR] TS1109: Expression expected. [plugin angular-compiler]

    src/app/components/auth/auth.component.ts:65:6:
      65 â”‚       catch((error: any) => {
         â•µ       ~~~~~

âœ˜ [ERROR] TS1003: Identifier expected. [plugin angular-compiler]

    src/app/components/auth/auth.component.ts:65:12:
      65 â”‚       catch((error: any) => {
         â•µ             ^

âœ˜ [ERROR] TS1005: ',' expected. [plugin angular-compiler]

    src/app/components/auth/auth.component.ts:75:2:
      75 â”‚   onRegister(): void {
         â•µ   ~~~~~~~~~~

âœ˜ [ERROR] TS2304: Cannot find name 'onRegister'. [plugin angular-compiler]

    src/app/components/auth/auth.component.ts:75:2:
      75 â”‚   onRegister(): void {
         â•µ   ~~~~~~~~~~

âœ˜ [ERROR] TS2554: Expected 0-1 arguments, but got 3. [plugin angular-compiler]

    src/app/components/auth/auth.component.ts:75:2:
      75 â”‚   onRegister(): void {
         â•µ   ~~~~~~~~~~~~~~~~~~~~

âœ˜ [ERROR] TS1005: ',' expected. [plugin angular-compiler]

    src/app/components/auth/auth.component.ts:75:14:
      75 â”‚   onRegister(): void {
         â•µ               ^

âœ˜ [ERROR] TS1005: ',' expected. [plugin angular-compiler]

    src/app/components/auth/auth.component.ts:77:11:
      77 â”‚     console.log('Register clicked');
         â•µ            ^

âœ˜ [ERROR] TS1005: ',' expected. [plugin angular-compiler]

    src/app/components/auth/auth.component.ts:77:35:
      77 â”‚     console.log('Register clicked');
         â•µ                                    ^

âœ˜ [ERROR] TS1005: ',' expected. [plugin angular-compiler]

    src/app/components/auth/auth.component.ts:79:0:
      79 â”‚ }
         â•µ ^

âœ˜ [ERROR] TS1005: '}' expected. [plugin angular-compiler]

    src/app/components/auth/auth.component.ts:80:0:
      80 â”‚ 
         â•µ ^

âœ˜ [ERROR] TS2459: Module '"../../services/products.service"' declares 'Product' locally, but it is not exported. [plugin angular-compiler]

    src/app/components/products/products.component.ts:5:26:
      5 â”‚ import { ProductsService, Product } from '../../services/products.s...
        â•µ                           ~~~~~~~

  'Product' is declared here.

    src/app/services/products.service.ts:4:9:
      4 â”‚ import { Product } from '../models/product';  // Assume interface P...
        â•µ          ~~~~~~~

âœ˜ [ERROR] TS2307: Cannot find module '../models/product' or its corresponding type declarations. [plugin angular-compiler]

    src/app/services/products.service.ts:4:24:
      4 â”‚ import { Product } from '../models/product';  // Assume interface P...
        â•µ                         ~~~~~~~~~~~~~~~~~~~

âœ˜ [ERROR] Unexpected "."

    src/app/components/auth/auth.component.ts:53:18:
      53 â”‚             this: .authService.user$.subscribe(user => {
         â•µ                   ^

â— [DEBUG] The condition "types" here will never be used as it comes after both "import" and "require" [package.json]

    node_modules/rxfire/package.json:17:6:
      17 â”‚       "types": "./index.d.ts"
         â•µ       ~~~~~~~

  The "import" condition comes earlier and will be used for all "import" statements:

    node_modules/rxfire/package.json:15:6:
      15 â”‚       "import": "./index.esm.js",
         â•µ       ~~~~~~~~

  The "require" condition comes earlier and will be used for all "require" calls:

    node_modules/rxfire/package.json:16:6:
      16 â”‚       "require": "./index.cjs.js",
         â•µ       ~~~~~~~~~

â— [DEBUG] The condition "types" here will never be used as it comes after both "import" and "require" [package.json]

    node_modules/rxfire/package.json:22:6:
      22 â”‚       "types": "./auth/index.d.ts"
         â•µ       ~~~~~~~

  The "import" condition comes earlier and will be used for all "import" statements:

    node_modules/rxfire/package.json:20:6:
      20 â”‚       "import": "./auth/index.esm.js",
         â•µ       ~~~~~~~~

  The "require" condition comes earlier and will be used for all "require" calls:

    node_modules/rxfire/package.json:21:6:
      21 â”‚       "require": "./auth/index.cjs.js",
         â•µ       ~~~~~~~~~

â— [DEBUG] The condition "types" here will never be used as it comes after both "import" and "require" [package.json]

    node_modules/rxfire/package.json:27:6:
      27 â”‚       "types": "./database/index.d.ts"
         â•µ       ~~~~~~~

  The "import" condition comes earlier and will be used for all "import" statements:

    node_modules/rxfire/package.json:25:6:
      25 â”‚       "import": "./database/index.esm.js",
         â•µ       ~~~~~~~~

  The "require" condition comes earlier and will be used for all "require" calls:

    node_modules/rxfire/package.json:26:6:
      26 â”‚       "require": "./database/index.cjs.js",
         â•µ       ~~~~~~~~~

â— [DEBUG] The condition "types" here will never be used as it comes after both "import" and "require" [package.json]

    node_modules/rxfire/package.json:32:6:
      32 â”‚       "types": "./firestore/index.d.ts"
         â•µ       ~~~~~~~

  The "import" condition comes earlier and will be used for all "import" statements:

    node_modules/rxfire/package.json:30:6:
      30 â”‚       "import": "./firestore/index.esm.js",
         â•µ       ~~~~~~~~

  The "require" condition comes earlier and will be used for all "require" calls:

    node_modules/rxfire/package.json:31:6:
      31 â”‚       "require": "./firestore/index.cjs.js",
         â•µ       ~~~~~~~~~

â— [DEBUG] The condition "types" here will never be used as it comes after both "import" and "require" [package.json]

    node_modules/rxfire/package.json:37:6:
      37 â”‚       "types": "./firestore/lite/index.d.ts"
         â•µ       ~~~~~~~

  The "import" condition comes earlier and will be used for all "import" statements:

    node_modules/rxfire/package.json:35:6:
      35 â”‚       "import": "./firestore/lite/index.esm.js",
         â•µ       ~~~~~~~~

  The "require" condition comes earlier and will be used for all "require" calls:

    node_modules/rxfire/package.json:36:6:
      36 â”‚       "require": "./firestore/lite/index.cjs.js",
         â•µ       ~~~~~~~~~

â— [DEBUG] The condition "types" here will never be used as it comes after both "import" and "require" [package.json]

    node_modules/rxfire/package.json:42:6:
      42 â”‚       "types": "./functions/index.d.ts"
         â•µ       ~~~~~~~

  The "import" condition comes earlier and will be used for all "import" statements:

    node_modules/rxfire/package.json:40:6:
      40 â”‚       "import": "./functions/index.esm.js",
         â•µ       ~~~~~~~~

  The "require" condition comes earlier and will be used for all "require" calls:

    node_modules/rxfire/package.json:41:6:
      41 â”‚       "require": "./functions/index.cjs.js",
         â•µ       ~~~~~~~~~

â— [DEBUG] The condition "types" here will never be used as it comes after both "import" and "require" [package.json]

    node_modules/rxfire/package.json:47:6:
      47 â”‚       "types": "./performance/index.d.ts"
         â•µ       ~~~~~~~

  The "import" condition comes earlier and will be used for all "import" statements:

    node_modules/rxfire/package.json:45:6:
      45 â”‚       "import": "./performance/index.esm.js",
         â•µ       ~~~~~~~~

  The "require" condition comes earlier and will be used for all "require" calls:

    node_modules/rxfire/package.json:46:6:
      46 â”‚       "require": "./performance/index.cjs.js",
         â•µ       ~~~~~~~~~

â— [DEBUG] The condition "types" here will never be used as it comes after both "import" and "require" [package.json]

    node_modules/rxfire/package.json:52:6:
      52 â”‚       "types": "./remote-config/index.d.ts"
         â•µ       ~~~~~~~

  The "import" condition comes earlier and will be used for all "import" statements:

    node_modules/rxfire/package.json:50:6:
      50 â”‚       "import": "./remote-config/index.esm.js",
         â•µ       ~~~~~~~~

  The "require" condition comes earlier and will be used for all "require" calls:

    node_modules/rxfire/package.json:51:6:
      51 â”‚       "require": "./remote-config/index.cjs.js",
         â•µ       ~~~~~~~~~

â— [DEBUG] The condition "types" here will never be used as it comes after both "import" and "require" [package.json]

    node_modules/rxfire/package.json:57:6:
      57 â”‚       "types": "./storage/index.d.ts"
         â•µ       ~~~~~~~

  The "import" condition comes earlier and will be used for all "import" statements:

    node_modules/rxfire/package.json:55:6:
      55 â”‚       "import": "./storage/index.esm.js",
         â•µ       ~~~~~~~~

  The "require" condition comes earlier and will be used for all "require" calls:

    node_modules/rxfire/package.json:56:6:
      56 â”‚       "require": "./storage/index.cjs.js",
         â•µ       ~~~~~~~~~

â— [DEBUG] Top-level "this" will be replaced with undefined since this file is an ECMAScript module [this-is-undefined-in-esm]

    node_modules/@angular/fire/fesm2022/angular-fire.mjs:143:68:
      143 â”‚ ...njectionContext(injector, () => run(() => it.apply(this, args)));
          â”‚                                                       ~~~~
          â•µ                                                       undefined

  This file is considered to be an ECMAScript module because of the "export" keyword here:

    node_modules/@angular/fire/fesm2022/angular-fire.mjs:210:0:
      210 â”‚ export { LogLevel, VERSION, setLogLevel, ÉµAngularFireSchedulers,...
          â•µ ~~~~~~

48 errors
âœ” Building...
Application bundle generation failed. [2.901 seconds] - 2025-10-22T12:17:46.436Z

[31mâœ˜ [41;31m[[41;97mERROR[41;31m][0m [1mNG6008: Component ProductsComponent is standalone, and cannot be declared in an NgModule. Did you mean to import it instead?[0m [1m[35m[plugin angular-compiler][0m

    src/app/app.module.ts:35:4:
[37m      35 â”‚     [32mProductsComponent[37m,
         â•µ     [32m~~~~~~~~~~~~~~~~~[0m


[31mâœ˜ [41;31m[[41;97mERROR[41;31m][0m [1mTS2420: Class 'AuthComponent' incorrectly implements interface 'OnInit'.
  Property 'ngOnInit' is missing in type 'AuthComponent' but required in type 'OnInit'.[0m [1m[35m[plugin angular-compiler][0m

    src/app/components/auth/auth.component.ts:13:13:
[37m      13 â”‚ export class [32mAuthComponent[37m implements OnInit {
         â•µ              [32m~~~~~~~~~~~~~[0m

  'ngOnInit' is declared here.

    node_modules/@angular/core/index.d.ts:690:4:
[37m      690 â”‚     [32mngOnInit(): void;[37m
          â•µ     [32m~~~~~~~~~~~~~~~~~[0m


[31mâœ˜ [41;31m[[41;97mERROR[41;31m][0m [1mTS1005: ',' expected.[0m [1m[35m[plugin angular-compiler][0m

    src/app/components/auth/auth.component.ts:29:2:
[37m      29 â”‚   [32mngOnInit[37m(): void {
         â•µ   [32m~~~~~~~~[0m


[31mâœ˜ [41;31m[[41;97mERROR[41;31m][0m [1mTS2304: Cannot find name 'ngOnInit'.[0m [1m[35m[plugin angular-compiler][0m

    src/app/components/auth/auth.component.ts:29:2:
[37m      29 â”‚   [32mngOnInit[37m(): void {
         â•µ   [32m~~~~~~~~[0m


[31mâœ˜ [41;31m[[41;97mERROR[41;31m][0m [1mTS1005: ',' expected.[0m [1m[35m[plugin angular-compiler][0m

    src/app/components/auth/auth.component.ts:29:12:
[37m      29 â”‚   ngOnInit()[32m:[37m void {
         â•µ             [32m^[0m


[31mâœ˜ [41;31m[[41;97mERROR[41;31m][0m [1mTS2554: Expected 1-2 arguments, but got 5.[0m [1m[35m[plugin angular-compiler][0m

    src/app/components/auth/auth.component.ts:29:14:
[37m      29 â”‚   ngOnInit(): [32mvoid {[37m
         â•µ               [32m~~~~~~[0m


[31mâœ˜ [41;31m[[41;97mERROR[41;31m][0m [1mTS1005: ':' expected.[0m [1m[35m[plugin angular-compiler][0m

    src/app/components/auth/auth.component.ts:31:8:
[37m      31 â”‚     this[32m.[37mauthService.user$.subscribe(user => {
         â•µ         [32m^[0m


[31mâœ˜ [41;31m[[41;97mERROR[41;31m][0m [1mTS7006: Parameter 'user' implicitly has an 'any' type.[0m [1m[35m[plugin angular-compiler][0m

    src/app/components/auth/auth.component.ts:31:37:
[37m      31 â”‚     this.authService.user$.subscribe([32muser[37m => {
         â•µ                                      [32m~~~~[0m


[31mâœ˜ [41;31m[[41;97mERROR[41;31m][0m [1mTS1005: ',' expected.[0m [1m[35m[plugin angular-compiler][0m

    src/app/components/auth/auth.component.ts:38:2:
[37m      38 â”‚   [32monLogin[37m(): void {
         â•µ   [32m~~~~~~~[0m


[31mâœ˜ [41;31m[[41;97mERROR[41;31m][0m [1mTS2304: Cannot find name 'onLogin'.[0m [1m[35m[plugin angular-compiler][0m

    src/app/components/auth/auth.component.ts:38:2:
[37m      38 â”‚   [32monLogin[37m(): void {
         â•µ   [32m~~~~~~~[0m


[31mâœ˜ [41;31m[[41;97mERROR[41;31m][0m [1mTS1005: ',' expected.[0m [1m[35m[plugin angular-compiler][0m

    src/app/components/auth/auth.component.ts:38:11:
[37m      38 â”‚   onLogin()[32m:[37m void {
         â•µ            [32m^[0m


[31mâœ˜ [41;31m[[41;97mERROR[41;31m][0m [1mTS1005: ',' expected.[0m [1m[35m[plugin angular-compiler][0m

    src/app/components/auth/auth.component.ts:39:12:
[37m      39 â”‚     if (this[32m.[37mloginForm.invalid) {
         â•µ             [32m^[0m


[31mâœ˜ [41;31m[[41;97mERROR[41;31m][0m [1mTS1005: ',' expected.[0m [1m[35m[plugin angular-compiler][0m

    src/app/components/auth/auth.component.ts:39:30:
[37m      39 â”‚     if (this.loginForm.invalid[32m)[37m {
         â•µ                               [32m^[0m


[31mâœ˜ [41;31m[[41;97mERROR[41;31m][0m [1mTS1005: ',' expected.[0m [1m[35m[plugin angular-compiler][0m

    src/app/components/auth/auth.component.ts:39:32:
[37m      39 â”‚     if (this.loginForm.invalid) [32m{[37m
         â•µ                                 [32m^[0m


[31mâœ˜ [41;31m[[41;97mERROR[41;31m][0m [1mTS1005: ':' expected.[0m [1m[35m[plugin angular-compiler][0m

    src/app/components/auth/auth.component.ts:40:10:
[37m      40 â”‚       this[32m.[37merrorMessage = 'Veuillez remplir les champs correctemen...
         â•µ           [32m^[0m


[31mâœ˜ [41;31m[[41;97mERROR[41;31m][0m [1mTS1005: ',' expected.[0m [1m[35m[plugin angular-compiler][0m

    src/app/components/auth/auth.component.ts:40:69:
[37m      40 â”‚ ...mplir les champs correctement.'[32m;[37m  // Multilingual : {{ 'form.in...
         â•µ                                   [32m^[0m


[31mâœ˜ [41;31m[[41;97mERROR[41;31m][0m [1mTS1005: ':' expected.[0m [1m[35m[plugin angular-compiler][0m

    src/app/components/auth/auth.component.ts:41:12:
[37m      41 â”‚       return[32m;[37m
         â•µ             [32m^[0m


[31mâœ˜ [41;31m[[41;97mERROR[41;31m][0m [1mTS1005: ',' expected.[0m [1m[35m[plugin angular-compiler][0m

    src/app/components/auth/auth.component.ts:44:4:
[37m      44 â”‚     [32mthis[37m.isLoading = true;
         â•µ     [32m~~~~[0m


[31mâœ˜ [41;31m[[41;97mERROR[41;31m][0m [1mTS1005: ')' expected.[0m [1m[35m[plugin angular-compiler][0m

    src/app/components/auth/auth.component.ts:44:25:
[37m      44 â”‚     this.isLoading = true[32m;[37m
         â•µ                          [32m^[0m


[31mâœ˜ [41;31m[[41;97mERROR[41;31m][0m [1mTS2552: Cannot find name 'UserCredential'. Did you mean 'Credential'?[0m [1m[35m[plugin angular-compiler][0m

    src/app/components/auth/auth.component.ts:49:60:
[37m      49 â”‚ ...ervice.login(email, password).then((response: [32mUserCredential[37m) => {
         â•µ                                                  [32m~~~~~~~~~~~~~~[0m

  'Credential' is declared here.

    node_modules/typescript/lib/lib.dom.d.ts:8381:12:
[37m      8381 â”‚ declare var [32mCredential[37m: {
           â•µ             [32m~~~~~~~~~~[0m


[31mâœ˜ [41;31m[[41;97mERROR[41;31m][0m [1mTS1128: Declaration or statement expected.[0m [1m[35m[plugin angular-compiler][0m

    src/app/components/auth/auth.component.ts:50:6:
[37m      50 â”‚       [32m)[37m.then((response: UserCredential) => {
         â•µ       [32m^[0m


[31mâœ˜ [41;31m[[41;97mERROR[41;31m][0m [1mTS2552: Cannot find name 'UserCredential'. Did you mean 'Credential'?[0m [1m[35m[plugin angular-compiler][0m

    src/app/components/auth/auth.component.ts:50:24:
[37m      50 â”‚       ).then((response: [32mUserCredential[37m) => {
         â•µ                         [32m~~~~~~~~~~~~~~[0m

  'Credential' is declared here.

    node_modules/typescript/lib/lib.dom.d.ts:8381:12:
[37m      8381 â”‚ declare var [32mCredential[37m: {
           â•µ             [32m~~~~~~~~~~[0m


[31mâœ˜ [41;31m[[41;97mERROR[41;31m][0m [1mTS2304: Cannot find name 'Logged'.[0m [1m[35m[plugin angular-compiler][0m

    src/app/components/auth/auth.component.ts:51:20:
[37m      51 â”‚         console.log([32mLogged[37m in:, response.user.uid);
         â•µ                     [32m~~~~~~[0m


[31mâœ˜ [41;31m[[41;97mERROR[41;31m][0m [1mTS1109: Expression expected.[0m [1m[35m[plugin angular-compiler][0m

    src/app/components/auth/auth.component.ts:51:29:
[37m      51 â”‚         console.log(Logged in[32m:[37m, response.user.uid);
         â•µ                              [32m^[0m


[31mâœ˜ [41;31m[[41;97mERROR[41;31m][0m [1mTS1135: Argument expression expected.[0m [1m[35m[plugin angular-compiler][0m

    src/app/components/auth/auth.component.ts:51:30:
[37m      51 â”‚         console.log(Logged in:[32m,[37m response.user.uid);
         â•µ                               [32m^[0m


[31mâœ˜ [41;31m[[41;97mERROR[41;31m][0m [1mUnexpected "."[0m

    src/app/components/auth/auth.component.ts:53:18:
[37m      53 â”‚             this: [32m.[37mauthService.user$.subscribe(user => {
         â•µ                   [32m^[0m


[31mâœ˜ [41;31m[[41;97mERROR[41;31m][0m [1mTS2304: Cannot find name 'Login'.[0m [1m[35m[plugin angular-compiler][0m

    src/app/components/auth/auth.component.ts:54:22:
[37m      54 â”‚         console.error([32mLogin[37m error:, error);
         â•µ                       [32m~~~~~[0m


[31mâœ˜ [41;31m[[41;97mERROR[41;31m][0m [1mTS1005: ',' expected.[0m [1m[35m[plugin angular-compiler][0m

    src/app/components/auth/auth.component.ts:54:28:
[37m      54 â”‚         console.error(Login [32merror[37m:, error);
         â•µ                             [32m~~~~~[0m


[31mâœ˜ [41;31m[[41;97mERROR[41;31m][0m [1mTS1005: ',' expected.[0m [1m[35m[plugin angular-compiler][0m

    src/app/components/auth/auth.component.ts:54:33:
[37m      54 â”‚         console.error(Login error[32m:[37m, error);
         â•µ                                  [32m^[0m


[31mâœ˜ [41;31m[[41;97mERROR[41;31m][0m [1mTS1135: Argument expression expected.[0m [1m[35m[plugin angular-compiler][0m

    src/app/components/auth/auth.component.ts:54:34:
[37m      54 â”‚         console.error(Login error:[32m,[37m error);
         â•µ                                   [32m^[0m


[31mâœ˜ [41;31m[[41;97mERROR[41;31m][0m [1mTS2304: Cannot find name 'Login'.[0m [1m[35m[plugin angular-compiler][0m

    src/app/components/auth/auth.component.ts:58:18:
[37m      58 â”‚     console.error([32mLogin[37m error:, error);
         â•µ                   [32m~~~~~[0m


[31mâœ˜ [41;31m[[41;97mERROR[41;31m][0m [1mTS1005: ',' expected.[0m [1m[35m[plugin angular-compiler][0m

    src/app/components/auth/auth.component.ts:58:24:
[37m      58 â”‚     console.error(Login [32merror[37m:, error);
         â•µ                         [32m~~~~~[0m


[31mâœ˜ [41;31m[[41;97mERROR[41;31m][0m [1mTS1005: ',' expected.[0m [1m[35m[plugin angular-compiler][0m

    src/app/components/auth/auth.component.ts:58:29:
[37m      58 â”‚     console.error(Login error[32m:[37m, error);
         â•µ                              [32m^[0m


[31mâœ˜ [41;31m[[41;97mERROR[41;31m][0m [1mTS1135: Argument expression expected.[0m [1m[35m[plugin angular-compiler][0m

    src/app/components/auth/auth.component.ts:58:30:
[37m      58 â”‚     console.error(Login error:[32m,[37m error);
         â•µ                               [32m^[0m


[31mâœ˜ [41;31m[[41;97mERROR[41;31m][0m [1mTS2695: Left side of comma operator is unused and has no side effects.[0m [1m[35m[plugin angular-compiler][0m

    src/app/components/auth/auth.component.ts:60:12:
[37m      60 â”‚       next: [32m(response: UserCredential) => {[37m
         â•µ             [32m~~~~~~~~~~~~~~~~~~~~~~~~~~~~~~~[0m


[31mâœ˜ [41;31m[[41;97mERROR[41;31m][0m [1mTS2552: Cannot find name 'UserCredential'. Did you mean 'Credential'?[0m [1m[35m[plugin angular-compiler][0m

    src/app/components/auth/auth.component.ts:60:23:
[37m      60 â”‚       next: (response: [32mUserCredential[37m) => {
         â•µ                        [32m~~~~~~~~~~~~~~[0m

  'Credential' is declared here.

    node_modules/typescript/lib/lib.dom.d.ts:8381:12:
[37m      8381 â”‚ declare var [32mCredential[37m: {
           â•µ             [32m~~~~~~~~~~[0m


[31mâœ˜ [41;31m[[41;97mERROR[41;31m][0m [1mTS1109: Expression expected.[0m [1m[35m[plugin angular-compiler][0m

    src/app/components/auth/auth.component.ts:65:6:
[37m      65 â”‚       [32mcatch[37m((error: any) => {
         â•µ       [32m~~~~~[0m


[31mâœ˜ [41;31m[[41;97mERROR[41;31m][0m [1mTS1003: Identifier expected.[0m [1m[35m[plugin angular-compiler][0m

    src/app/components/auth/auth.component.ts:65:12:
[37m      65 â”‚       catch([32m([37merror: any) => {
         â•µ             [32m^[0m


[31mâœ˜ [41;31m[[41;97mERROR[41;31m][0m [1mTS1005: ',' expected.[0m [1m[35m[plugin angular-compiler][0m

    src/app/components/auth/auth.component.ts:75:2:
[37m      75 â”‚   [32monRegister[37m(): void {
         â•µ   [32m~~~~~~~~~~[0m


[31mâœ˜ [41;31m[[41;97mERROR[41;31m][0m [1mTS2304: Cannot find name 'onRegister'.[0m [1m[35m[plugin angular-compiler][0m

    src/app/components/auth/auth.component.ts:75:2:
[37m      75 â”‚   [32monRegister[37m(): void {
         â•µ   [32m~~~~~~~~~~[0m


[31mâœ˜ [41;31m[[41;97mERROR[41;31m][0m [1mTS2554: Expected 0-1 arguments, but got 3.[0m [1m[35m[plugin angular-compiler][0m

    src/app/components/auth/auth.component.ts:75:2:
[37m      75 â”‚   [32monRegister(): void {[37m
         â•µ   [32m~~~~~~~~~~~~~~~~~~~~[0m


[31mâœ˜ [41;31m[[41;97mERROR[41;31m][0m [1mTS1005: ',' expected.[0m [1m[35m[plugin angular-compiler][0m

    src/app/components/auth/auth.component.ts:75:14:
[37m      75 â”‚   onRegister()[32m:[37m void {
         â•µ               [32m^[0m


[31mâœ˜ [41;31m[[41;97mERROR[41;31m][0m [1mTS1005: ',' expected.[0m [1m[35m[plugin angular-compiler][0m

    src/app/components/auth/auth.component.ts:77:11:
[37m      77 â”‚     console[32m.[37mlog('Register clicked');
         â•µ            [32m^[0m


[31mâœ˜ [41;31m[[41;97mERROR[41;31m][0m [1mTS1005: ',' expected.[0m [1m[35m[plugin angular-compiler][0m

    src/app/components/auth/auth.component.ts:77:35:
[37m      77 â”‚     console.log('Register clicked')[32m;[37m
         â•µ                                    [32m^[0m


[31mâœ˜ [41;31m[[41;97mERROR[41;31m][0m [1mTS1005: ',' expected.[0m [1m[35m[plugin angular-compiler][0m

    src/app/components/auth/auth.component.ts:79:0:
[37m      79 â”‚ [32m}[37m
         â•µ [32m^[0m


[31mâœ˜ [41;31m[[41;97mERROR[41;31m][0m [1mTS1005: '}' expected.[0m [1m[35m[plugin angular-compiler][0m

    src/app/components/auth/auth.component.ts:80:0:
[37m      80 â”‚ [32m[37m
         â•µ [32m^[0m


[31mâœ˜ [41;31m[[41;97mERROR[41;31m][0m [1mTS2459: Module '"../../services/products.service"' declares 'Product' locally, but it is not exported.[0m [1m[35m[plugin angular-compiler][0m

    src/app/components/products/products.component.ts:5:26:
[37m      5 â”‚ import { ProductsService, [32mProduct[37m } from '../../services/products.s...
        â•µ                           [32m~~~~~~~[0m

  'Product' is declared here.

    src/app/services/products.service.ts:4:9:
[37m      4 â”‚ import { [32mProduct[37m } from '../models/product';  // Assume interface P...
        â•µ          [32m~~~~~~~[0m


[31mâœ˜ [41;31m[[41;97mERROR[41;31m][0m [1mTS2307: Cannot find module '../models/product' or its corresponding type declarations.[0m [1m[35m[plugin angular-compiler][0m

    src/app/services/products.service.ts:4:24:
[37m      4 â”‚ import { Product } from [32m'../models/product'[37m;  // Assume interface P...
        â•µ                         [32m~~~~~~~~~~~~~~~~~~~[0m


