❯ Building...

  polyfills.js       87.7kb
  polyfills.js.map  188.5kb

⚡ Done in 145ms
✘ [ERROR] NG6008: Component ProductsComponent is standalone, and cannot be declared in an NgModule. Did you mean to import it instead? [plugin angular-compiler]

    src/app/app.module.ts:35:4:
      35 │     ProductsComponent,
         ╵     ~~~~~~~~~~~~~~~~~

✘ [ERROR] TS2420: Class 'AuthComponent' incorrectly implements interface 'OnInit'.
  Property 'ngOnInit' is missing in type 'AuthComponent' but required in type 'OnInit'. [plugin angular-compiler]

    src/app/components/auth/auth.component.ts:13:13:
      13 │ export class AuthComponent implements OnInit {
         ╵              ~~~~~~~~~~~~~

  'ngOnInit' is declared here.

    node_modules/@angular/core/index.d.ts:690:4:
      690 │     ngOnInit(): void;
          ╵     ~~~~~~~~~~~~~~~~~

✘ [ERROR] TS1005: ',' expected. [plugin angular-compiler]

    src/app/components/auth/auth.component.ts:29:2:
      29 │   ngOnInit(): void {
         ╵   ~~~~~~~~

✘ [ERROR] TS2304: Cannot find name 'ngOnInit'. [plugin angular-compiler]

    src/app/components/auth/auth.component.ts:29:2:
      29 │   ngOnInit(): void {
         ╵   ~~~~~~~~

✘ [ERROR] TS1005: ',' expected. [plugin angular-compiler]

    src/app/components/auth/auth.component.ts:29:12:
      29 │   ngOnInit(): void {
         ╵             ^

✘ [ERROR] TS2554: Expected 1-2 arguments, but got 5. [plugin angular-compiler]

    src/app/components/auth/auth.component.ts:29:14:
      29 │   ngOnInit(): void {
         ╵               ~~~~~~

✘ [ERROR] TS1005: ':' expected. [plugin angular-compiler]

    src/app/components/auth/auth.component.ts:31:8:
      31 │     this.authService.user$.subscribe(user => {
         ╵         ^

✘ [ERROR] TS7006: Parameter 'user' implicitly has an 'any' type. [plugin angular-compiler]

    src/app/components/auth/auth.component.ts:31:37:
      31 │     this.authService.user$.subscribe(user => {
         ╵                                      ~~~~

✘ [ERROR] TS1005: ',' expected. [plugin angular-compiler]

    src/app/components/auth/auth.component.ts:38:2:
      38 │   onLogin(): void {
         ╵   ~~~~~~~

✘ [ERROR] TS2304: Cannot find name 'onLogin'. [plugin angular-compiler]

    src/app/components/auth/auth.component.ts:38:2:
      38 │   onLogin(): void {
         ╵   ~~~~~~~

✘ [ERROR] TS1005: ',' expected. [plugin angular-compiler]

    src/app/components/auth/auth.component.ts:38:11:
      38 │   onLogin(): void {
         ╵            ^

✘ [ERROR] TS1005: ',' expected. [plugin angular-compiler]

    src/app/components/auth/auth.component.ts:39:12:
      39 │     if (this.loginForm.invalid) {
         ╵             ^

✘ [ERROR] TS1005: ',' expected. [plugin angular-compiler]

    src/app/components/auth/auth.component.ts:39:30:
      39 │     if (this.loginForm.invalid) {
         ╵                               ^

✘ [ERROR] TS1005: ',' expected. [plugin angular-compiler]

    src/app/components/auth/auth.component.ts:39:32:
      39 │     if (this.loginForm.invalid) {
         ╵                                 ^

✘ [ERROR] TS1005: ':' expected. [plugin angular-compiler]

    src/app/components/auth/auth.component.ts:40:10:
      40 │       this.errorMessage = 'Veuillez remplir les champs correctemen...
         ╵           ^

✘ [ERROR] TS1005: ',' expected. [plugin angular-compiler]

    src/app/components/auth/auth.component.ts:40:69:
      40 │ ...mplir les champs correctement.';  // Multilingual : {{ 'form.in...
         ╵                                   ^

✘ [ERROR] TS1005: ':' expected. [plugin angular-compiler]

    src/app/components/auth/auth.component.ts:41:12:
      41 │       return;
         ╵             ^

✘ [ERROR] TS1005: ',' expected. [plugin angular-compiler]

    src/app/components/auth/auth.component.ts:44:4:
      44 │     this.isLoading = true;
         ╵     ~~~~

✘ [ERROR] TS1005: ')' expected. [plugin angular-compiler]

    src/app/components/auth/auth.component.ts:44:25:
      44 │     this.isLoading = true;
         ╵                          ^

✘ [ERROR] TS2552: Cannot find name 'UserCredential'. Did you mean 'Credential'? [plugin angular-compiler]

    src/app/components/auth/auth.component.ts:49:60:
      49 │ ...ervice.login(email, password).then((response: UserCredential) => {
         ╵                                                  ~~~~~~~~~~~~~~

  'Credential' is declared here.

    node_modules/typescript/lib/lib.dom.d.ts:8381:12:
      8381 │ declare var Credential: {
           ╵             ~~~~~~~~~~

✘ [ERROR] TS1128: Declaration or statement expected. [plugin angular-compiler]

    src/app/components/auth/auth.component.ts:50:6:
      50 │       ).then((response: UserCredential) => {
         ╵       ^

✘ [ERROR] TS2552: Cannot find name 'UserCredential'. Did you mean 'Credential'? [plugin angular-compiler]

    src/app/components/auth/auth.component.ts:50:24:
      50 │       ).then((response: UserCredential) => {
         ╵                         ~~~~~~~~~~~~~~

  'Credential' is declared here.

    node_modules/typescript/lib/lib.dom.d.ts:8381:12:
      8381 │ declare var Credential: {
           ╵             ~~~~~~~~~~

✘ [ERROR] TS2304: Cannot find name 'Logged'. [plugin angular-compiler]

    src/app/components/auth/auth.component.ts:51:20:
      51 │         console.log(Logged in:, response.user.uid);
         ╵                     ~~~~~~

✘ [ERROR] TS1109: Expression expected. [plugin angular-compiler]

    src/app/components/auth/auth.component.ts:51:29:
      51 │         console.log(Logged in:, response.user.uid);
         ╵                              ^

✘ [ERROR] TS1135: Argument expression expected. [plugin angular-compiler]

    src/app/components/auth/auth.component.ts:51:30:
      51 │         console.log(Logged in:, response.user.uid);
         ╵                               ^

✘ [ERROR] TS2304: Cannot find name 'Login'. [plugin angular-compiler]

    src/app/components/auth/auth.component.ts:54:22:
      54 │         console.error(Login error:, error);
         ╵                       ~~~~~

✘ [ERROR] TS1005: ',' expected. [plugin angular-compiler]

    src/app/components/auth/auth.component.ts:54:28:
      54 │         console.error(Login error:, error);
         ╵                             ~~~~~

✘ [ERROR] TS1005: ',' expected. [plugin angular-compiler]

    src/app/components/auth/auth.component.ts:54:33:
      54 │         console.error(Login error:, error);
         ╵                                  ^

✘ [ERROR] TS1135: Argument expression expected. [plugin angular-compiler]

    src/app/components/auth/auth.component.ts:54:34:
      54 │         console.error(Login error:, error);
         ╵                                   ^

✘ [ERROR] TS2304: Cannot find name 'Login'. [plugin angular-compiler]

    src/app/components/auth/auth.component.ts:58:18:
      58 │     console.error(Login error:, error);
         ╵                   ~~~~~

✘ [ERROR] TS1005: ',' expected. [plugin angular-compiler]

    src/app/components/auth/auth.component.ts:58:24:
      58 │     console.error(Login error:, error);
         ╵                         ~~~~~

✘ [ERROR] TS1005: ',' expected. [plugin angular-compiler]

    src/app/components/auth/auth.component.ts:58:29:
      58 │     console.error(Login error:, error);
         ╵                              ^

✘ [ERROR] TS1135: Argument expression expected. [plugin angular-compiler]

    src/app/components/auth/auth.component.ts:58:30:
      58 │     console.error(Login error:, error);
         ╵                               ^

✘ [ERROR] TS2695: Left side of comma operator is unused and has no side effects. [plugin angular-compiler]

    src/app/components/auth/auth.component.ts:60:12:
      60 │       next: (response: UserCredential) => {
         ╵             ~~~~~~~~~~~~~~~~~~~~~~~~~~~~~~~

✘ [ERROR] TS2552: Cannot find name 'UserCredential'. Did you mean 'Credential'? [plugin angular-compiler]

    src/app/components/auth/auth.component.ts:60:23:
      60 │       next: (response: UserCredential) => {
         ╵                        ~~~~~~~~~~~~~~

  'Credential' is declared here.

    node_modules/typescript/lib/lib.dom.d.ts:8381:12:
      8381 │ declare var Credential: {
           ╵             ~~~~~~~~~~

✘ [ERROR] TS1109: Expression expected. [plugin angular-compiler]

    src/app/components/auth/auth.component.ts:65:6:
      65 │       catch((error: any) => {
         ╵       ~~~~~

✘ [ERROR] TS1003: Identifier expected. [plugin angular-compiler]

    src/app/components/auth/auth.component.ts:65:12:
      65 │       catch((error: any) => {
         ╵             ^

✘ [ERROR] TS1005: ',' expected. [plugin angular-compiler]

    src/app/components/auth/auth.component.ts:75:2:
      75 │   onRegister(): void {
         ╵   ~~~~~~~~~~

✘ [ERROR] TS2304: Cannot find name 'onRegister'. [plugin angular-compiler]

    src/app/components/auth/auth.component.ts:75:2:
      75 │   onRegister(): void {
         ╵   ~~~~~~~~~~

✘ [ERROR] TS2554: Expected 0-1 arguments, but got 3. [plugin angular-compiler]

    src/app/components/auth/auth.component.ts:75:2:
      75 │   onRegister(): void {
         ╵   ~~~~~~~~~~~~~~~~~~~~

✘ [ERROR] TS1005: ',' expected. [plugin angular-compiler]

    src/app/components/auth/auth.component.ts:75:14:
      75 │   onRegister(): void {
         ╵               ^

✘ [ERROR] TS1005: ',' expected. [plugin angular-compiler]

    src/app/components/auth/auth.component.ts:77:11:
      77 │     console.log('Register clicked');
         ╵            ^

✘ [ERROR] TS1005: ',' expected. [plugin angular-compiler]

    src/app/components/auth/auth.component.ts:77:35:
      77 │     console.log('Register clicked');
         ╵                                    ^

✘ [ERROR] TS1005: ',' expected. [plugin angular-compiler]

    src/app/components/auth/auth.component.ts:79:0:
      79 │ }
         ╵ ^

✘ [ERROR] TS1005: '}' expected. [plugin angular-compiler]

    src/app/components/auth/auth.component.ts:80:0:
      80 │ 
         ╵ ^

✘ [ERROR] TS2459: Module '"../../services/products.service"' declares 'Product' locally, but it is not exported. [plugin angular-compiler]

    src/app/components/products/products.component.ts:5:26:
      5 │ import { ProductsService, Product } from '../../services/products.s...
        ╵                           ~~~~~~~

  'Product' is declared here.

    src/app/services/products.service.ts:4:9:
      4 │ import { Product } from '../models/product';  // Assume interface P...
        ╵          ~~~~~~~

✘ [ERROR] TS2307: Cannot find module '../models/product' or its corresponding type declarations. [plugin angular-compiler]

    src/app/services/products.service.ts:4:24:
      4 │ import { Product } from '../models/product';  // Assume interface P...
        ╵                         ~~~~~~~~~~~~~~~~~~~

✘ [ERROR] Unexpected "."

    src/app/components/auth/auth.component.ts:53:18:
      53 │             this: .authService.user$.subscribe(user => {
         ╵                   ^

● [DEBUG] The condition "types" here will never be used as it comes after both "import" and "require" [package.json]

    node_modules/rxfire/package.json:17:6:
      17 │       "types": "./index.d.ts"
         ╵       ~~~~~~~

  The "import" condition comes earlier and will be used for all "import" statements:

    node_modules/rxfire/package.json:15:6:
      15 │       "import": "./index.esm.js",
         ╵       ~~~~~~~~

  The "require" condition comes earlier and will be used for all "require" calls:

    node_modules/rxfire/package.json:16:6:
      16 │       "require": "./index.cjs.js",
         ╵       ~~~~~~~~~

● [DEBUG] The condition "types" here will never be used as it comes after both "import" and "require" [package.json]

    node_modules/rxfire/package.json:22:6:
      22 │       "types": "./auth/index.d.ts"
         ╵       ~~~~~~~

  The "import" condition comes earlier and will be used for all "import" statements:

    node_modules/rxfire/package.json:20:6:
      20 │       "import": "./auth/index.esm.js",
         ╵       ~~~~~~~~

  The "require" condition comes earlier and will be used for all "require" calls:

    node_modules/rxfire/package.json:21:6:
      21 │       "require": "./auth/index.cjs.js",
         ╵       ~~~~~~~~~

● [DEBUG] The condition "types" here will never be used as it comes after both "import" and "require" [package.json]

    node_modules/rxfire/package.json:27:6:
      27 │       "types": "./database/index.d.ts"
         ╵       ~~~~~~~

  The "import" condition comes earlier and will be used for all "import" statements:

    node_modules/rxfire/package.json:25:6:
      25 │       "import": "./database/index.esm.js",
         ╵       ~~~~~~~~

  The "require" condition comes earlier and will be used for all "require" calls:

    node_modules/rxfire/package.json:26:6:
      26 │       "require": "./database/index.cjs.js",
         ╵       ~~~~~~~~~

● [DEBUG] The condition "types" here will never be used as it comes after both "import" and "require" [package.json]

    node_modules/rxfire/package.json:32:6:
      32 │       "types": "./firestore/index.d.ts"
         ╵       ~~~~~~~

  The "import" condition comes earlier and will be used for all "import" statements:

    node_modules/rxfire/package.json:30:6:
      30 │       "import": "./firestore/index.esm.js",
         ╵       ~~~~~~~~

  The "require" condition comes earlier and will be used for all "require" calls:

    node_modules/rxfire/package.json:31:6:
      31 │       "require": "./firestore/index.cjs.js",
         ╵       ~~~~~~~~~

● [DEBUG] The condition "types" here will never be used as it comes after both "import" and "require" [package.json]

    node_modules/rxfire/package.json:37:6:
      37 │       "types": "./firestore/lite/index.d.ts"
         ╵       ~~~~~~~

  The "import" condition comes earlier and will be used for all "import" statements:

    node_modules/rxfire/package.json:35:6:
      35 │       "import": "./firestore/lite/index.esm.js",
         ╵       ~~~~~~~~

  The "require" condition comes earlier and will be used for all "require" calls:

    node_modules/rxfire/package.json:36:6:
      36 │       "require": "./firestore/lite/index.cjs.js",
         ╵       ~~~~~~~~~

● [DEBUG] The condition "types" here will never be used as it comes after both "import" and "require" [package.json]

    node_modules/rxfire/package.json:42:6:
      42 │       "types": "./functions/index.d.ts"
         ╵       ~~~~~~~

  The "import" condition comes earlier and will be used for all "import" statements:

    node_modules/rxfire/package.json:40:6:
      40 │       "import": "./functions/index.esm.js",
         ╵       ~~~~~~~~

  The "require" condition comes earlier and will be used for all "require" calls:

    node_modules/rxfire/package.json:41:6:
      41 │       "require": "./functions/index.cjs.js",
         ╵       ~~~~~~~~~

● [DEBUG] The condition "types" here will never be used as it comes after both "import" and "require" [package.json]

    node_modules/rxfire/package.json:47:6:
      47 │       "types": "./performance/index.d.ts"
         ╵       ~~~~~~~

  The "import" condition comes earlier and will be used for all "import" statements:

    node_modules/rxfire/package.json:45:6:
      45 │       "import": "./performance/index.esm.js",
         ╵       ~~~~~~~~

  The "require" condition comes earlier and will be used for all "require" calls:

    node_modules/rxfire/package.json:46:6:
      46 │       "require": "./performance/index.cjs.js",
         ╵       ~~~~~~~~~

● [DEBUG] The condition "types" here will never be used as it comes after both "import" and "require" [package.json]

    node_modules/rxfire/package.json:52:6:
      52 │       "types": "./remote-config/index.d.ts"
         ╵       ~~~~~~~

  The "import" condition comes earlier and will be used for all "import" statements:

    node_modules/rxfire/package.json:50:6:
      50 │       "import": "./remote-config/index.esm.js",
         ╵       ~~~~~~~~

  The "require" condition comes earlier and will be used for all "require" calls:

    node_modules/rxfire/package.json:51:6:
      51 │       "require": "./remote-config/index.cjs.js",
         ╵       ~~~~~~~~~

● [DEBUG] The condition "types" here will never be used as it comes after both "import" and "require" [package.json]

    node_modules/rxfire/package.json:57:6:
      57 │       "types": "./storage/index.d.ts"
         ╵       ~~~~~~~

  The "import" condition comes earlier and will be used for all "import" statements:

    node_modules/rxfire/package.json:55:6:
      55 │       "import": "./storage/index.esm.js",
         ╵       ~~~~~~~~

  The "require" condition comes earlier and will be used for all "require" calls:

    node_modules/rxfire/package.json:56:6:
      56 │       "require": "./storage/index.cjs.js",
         ╵       ~~~~~~~~~

● [DEBUG] Top-level "this" will be replaced with undefined since this file is an ECMAScript module [this-is-undefined-in-esm]

    node_modules/@angular/fire/fesm2022/angular-fire.mjs:143:68:
      143 │ ...njectionContext(injector, () => run(() => it.apply(this, args)));
          │                                                       ~~~~
          ╵                                                       undefined

  This file is considered to be an ECMAScript module because of the "export" keyword here:

    node_modules/@angular/fire/fesm2022/angular-fire.mjs:210:0:
      210 │ export { LogLevel, VERSION, setLogLevel, ɵAngularFireSchedulers,...
          ╵ ~~~~~~

48 errors
✔ Building...
Application bundle generation failed. [2.901 seconds] - 2025-10-22T12:17:46.436Z

[31m✘ [41;31m[[41;97mERROR[41;31m][0m [1mNG6008: Component ProductsComponent is standalone, and cannot be declared in an NgModule. Did you mean to import it instead?[0m [1m[35m[plugin angular-compiler][0m

    src/app/app.module.ts:35:4:
[37m      35 │     [32mProductsComponent[37m,
         ╵     [32m~~~~~~~~~~~~~~~~~[0m


[31m✘ [41;31m[[41;97mERROR[41;31m][0m [1mTS2420: Class 'AuthComponent' incorrectly implements interface 'OnInit'.
  Property 'ngOnInit' is missing in type 'AuthComponent' but required in type 'OnInit'.[0m [1m[35m[plugin angular-compiler][0m

    src/app/components/auth/auth.component.ts:13:13:
[37m      13 │ export class [32mAuthComponent[37m implements OnInit {
         ╵              [32m~~~~~~~~~~~~~[0m

  'ngOnInit' is declared here.

    node_modules/@angular/core/index.d.ts:690:4:
[37m      690 │     [32mngOnInit(): void;[37m
          ╵     [32m~~~~~~~~~~~~~~~~~[0m


[31m✘ [41;31m[[41;97mERROR[41;31m][0m [1mTS1005: ',' expected.[0m [1m[35m[plugin angular-compiler][0m

    src/app/components/auth/auth.component.ts:29:2:
[37m      29 │   [32mngOnInit[37m(): void {
         ╵   [32m~~~~~~~~[0m


[31m✘ [41;31m[[41;97mERROR[41;31m][0m [1mTS2304: Cannot find name 'ngOnInit'.[0m [1m[35m[plugin angular-compiler][0m

    src/app/components/auth/auth.component.ts:29:2:
[37m      29 │   [32mngOnInit[37m(): void {
         ╵   [32m~~~~~~~~[0m


[31m✘ [41;31m[[41;97mERROR[41;31m][0m [1mTS1005: ',' expected.[0m [1m[35m[plugin angular-compiler][0m

    src/app/components/auth/auth.component.ts:29:12:
[37m      29 │   ngOnInit()[32m:[37m void {
         ╵             [32m^[0m


[31m✘ [41;31m[[41;97mERROR[41;31m][0m [1mTS2554: Expected 1-2 arguments, but got 5.[0m [1m[35m[plugin angular-compiler][0m

    src/app/components/auth/auth.component.ts:29:14:
[37m      29 │   ngOnInit(): [32mvoid {[37m
         ╵               [32m~~~~~~[0m


[31m✘ [41;31m[[41;97mERROR[41;31m][0m [1mTS1005: ':' expected.[0m [1m[35m[plugin angular-compiler][0m

    src/app/components/auth/auth.component.ts:31:8:
[37m      31 │     this[32m.[37mauthService.user$.subscribe(user => {
         ╵         [32m^[0m


[31m✘ [41;31m[[41;97mERROR[41;31m][0m [1mTS7006: Parameter 'user' implicitly has an 'any' type.[0m [1m[35m[plugin angular-compiler][0m

    src/app/components/auth/auth.component.ts:31:37:
[37m      31 │     this.authService.user$.subscribe([32muser[37m => {
         ╵                                      [32m~~~~[0m


[31m✘ [41;31m[[41;97mERROR[41;31m][0m [1mTS1005: ',' expected.[0m [1m[35m[plugin angular-compiler][0m

    src/app/components/auth/auth.component.ts:38:2:
[37m      38 │   [32monLogin[37m(): void {
         ╵   [32m~~~~~~~[0m


[31m✘ [41;31m[[41;97mERROR[41;31m][0m [1mTS2304: Cannot find name 'onLogin'.[0m [1m[35m[plugin angular-compiler][0m

    src/app/components/auth/auth.component.ts:38:2:
[37m      38 │   [32monLogin[37m(): void {
         ╵   [32m~~~~~~~[0m


[31m✘ [41;31m[[41;97mERROR[41;31m][0m [1mTS1005: ',' expected.[0m [1m[35m[plugin angular-compiler][0m

    src/app/components/auth/auth.component.ts:38:11:
[37m      38 │   onLogin()[32m:[37m void {
         ╵            [32m^[0m


[31m✘ [41;31m[[41;97mERROR[41;31m][0m [1mTS1005: ',' expected.[0m [1m[35m[plugin angular-compiler][0m

    src/app/components/auth/auth.component.ts:39:12:
[37m      39 │     if (this[32m.[37mloginForm.invalid) {
         ╵             [32m^[0m


[31m✘ [41;31m[[41;97mERROR[41;31m][0m [1mTS1005: ',' expected.[0m [1m[35m[plugin angular-compiler][0m

    src/app/components/auth/auth.component.ts:39:30:
[37m      39 │     if (this.loginForm.invalid[32m)[37m {
         ╵                               [32m^[0m


[31m✘ [41;31m[[41;97mERROR[41;31m][0m [1mTS1005: ',' expected.[0m [1m[35m[plugin angular-compiler][0m

    src/app/components/auth/auth.component.ts:39:32:
[37m      39 │     if (this.loginForm.invalid) [32m{[37m
         ╵                                 [32m^[0m


[31m✘ [41;31m[[41;97mERROR[41;31m][0m [1mTS1005: ':' expected.[0m [1m[35m[plugin angular-compiler][0m

    src/app/components/auth/auth.component.ts:40:10:
[37m      40 │       this[32m.[37merrorMessage = 'Veuillez remplir les champs correctemen...
         ╵           [32m^[0m


[31m✘ [41;31m[[41;97mERROR[41;31m][0m [1mTS1005: ',' expected.[0m [1m[35m[plugin angular-compiler][0m

    src/app/components/auth/auth.component.ts:40:69:
[37m      40 │ ...mplir les champs correctement.'[32m;[37m  // Multilingual : {{ 'form.in...
         ╵                                   [32m^[0m


[31m✘ [41;31m[[41;97mERROR[41;31m][0m [1mTS1005: ':' expected.[0m [1m[35m[plugin angular-compiler][0m

    src/app/components/auth/auth.component.ts:41:12:
[37m      41 │       return[32m;[37m
         ╵             [32m^[0m


[31m✘ [41;31m[[41;97mERROR[41;31m][0m [1mTS1005: ',' expected.[0m [1m[35m[plugin angular-compiler][0m

    src/app/components/auth/auth.component.ts:44:4:
[37m      44 │     [32mthis[37m.isLoading = true;
         ╵     [32m~~~~[0m


[31m✘ [41;31m[[41;97mERROR[41;31m][0m [1mTS1005: ')' expected.[0m [1m[35m[plugin angular-compiler][0m

    src/app/components/auth/auth.component.ts:44:25:
[37m      44 │     this.isLoading = true[32m;[37m
         ╵                          [32m^[0m


[31m✘ [41;31m[[41;97mERROR[41;31m][0m [1mTS2552: Cannot find name 'UserCredential'. Did you mean 'Credential'?[0m [1m[35m[plugin angular-compiler][0m

    src/app/components/auth/auth.component.ts:49:60:
[37m      49 │ ...ervice.login(email, password).then((response: [32mUserCredential[37m) => {
         ╵                                                  [32m~~~~~~~~~~~~~~[0m

  'Credential' is declared here.

    node_modules/typescript/lib/lib.dom.d.ts:8381:12:
[37m      8381 │ declare var [32mCredential[37m: {
           ╵             [32m~~~~~~~~~~[0m


[31m✘ [41;31m[[41;97mERROR[41;31m][0m [1mTS1128: Declaration or statement expected.[0m [1m[35m[plugin angular-compiler][0m

    src/app/components/auth/auth.component.ts:50:6:
[37m      50 │       [32m)[37m.then((response: UserCredential) => {
         ╵       [32m^[0m


[31m✘ [41;31m[[41;97mERROR[41;31m][0m [1mTS2552: Cannot find name 'UserCredential'. Did you mean 'Credential'?[0m [1m[35m[plugin angular-compiler][0m

    src/app/components/auth/auth.component.ts:50:24:
[37m      50 │       ).then((response: [32mUserCredential[37m) => {
         ╵                         [32m~~~~~~~~~~~~~~[0m

  'Credential' is declared here.

    node_modules/typescript/lib/lib.dom.d.ts:8381:12:
[37m      8381 │ declare var [32mCredential[37m: {
           ╵             [32m~~~~~~~~~~[0m


[31m✘ [41;31m[[41;97mERROR[41;31m][0m [1mTS2304: Cannot find name 'Logged'.[0m [1m[35m[plugin angular-compiler][0m

    src/app/components/auth/auth.component.ts:51:20:
[37m      51 │         console.log([32mLogged[37m in:, response.user.uid);
         ╵                     [32m~~~~~~[0m


[31m✘ [41;31m[[41;97mERROR[41;31m][0m [1mTS1109: Expression expected.[0m [1m[35m[plugin angular-compiler][0m

    src/app/components/auth/auth.component.ts:51:29:
[37m      51 │         console.log(Logged in[32m:[37m, response.user.uid);
         ╵                              [32m^[0m


[31m✘ [41;31m[[41;97mERROR[41;31m][0m [1mTS1135: Argument expression expected.[0m [1m[35m[plugin angular-compiler][0m

    src/app/components/auth/auth.component.ts:51:30:
[37m      51 │         console.log(Logged in:[32m,[37m response.user.uid);
         ╵                               [32m^[0m


[31m✘ [41;31m[[41;97mERROR[41;31m][0m [1mUnexpected "."[0m

    src/app/components/auth/auth.component.ts:53:18:
[37m      53 │             this: [32m.[37mauthService.user$.subscribe(user => {
         ╵                   [32m^[0m


[31m✘ [41;31m[[41;97mERROR[41;31m][0m [1mTS2304: Cannot find name 'Login'.[0m [1m[35m[plugin angular-compiler][0m

    src/app/components/auth/auth.component.ts:54:22:
[37m      54 │         console.error([32mLogin[37m error:, error);
         ╵                       [32m~~~~~[0m


[31m✘ [41;31m[[41;97mERROR[41;31m][0m [1mTS1005: ',' expected.[0m [1m[35m[plugin angular-compiler][0m

    src/app/components/auth/auth.component.ts:54:28:
[37m      54 │         console.error(Login [32merror[37m:, error);
         ╵                             [32m~~~~~[0m


[31m✘ [41;31m[[41;97mERROR[41;31m][0m [1mTS1005: ',' expected.[0m [1m[35m[plugin angular-compiler][0m

    src/app/components/auth/auth.component.ts:54:33:
[37m      54 │         console.error(Login error[32m:[37m, error);
         ╵                                  [32m^[0m


[31m✘ [41;31m[[41;97mERROR[41;31m][0m [1mTS1135: Argument expression expected.[0m [1m[35m[plugin angular-compiler][0m

    src/app/components/auth/auth.component.ts:54:34:
[37m      54 │         console.error(Login error:[32m,[37m error);
         ╵                                   [32m^[0m


[31m✘ [41;31m[[41;97mERROR[41;31m][0m [1mTS2304: Cannot find name 'Login'.[0m [1m[35m[plugin angular-compiler][0m

    src/app/components/auth/auth.component.ts:58:18:
[37m      58 │     console.error([32mLogin[37m error:, error);
         ╵                   [32m~~~~~[0m


[31m✘ [41;31m[[41;97mERROR[41;31m][0m [1mTS1005: ',' expected.[0m [1m[35m[plugin angular-compiler][0m

    src/app/components/auth/auth.component.ts:58:24:
[37m      58 │     console.error(Login [32merror[37m:, error);
         ╵                         [32m~~~~~[0m


[31m✘ [41;31m[[41;97mERROR[41;31m][0m [1mTS1005: ',' expected.[0m [1m[35m[plugin angular-compiler][0m

    src/app/components/auth/auth.component.ts:58:29:
[37m      58 │     console.error(Login error[32m:[37m, error);
         ╵                              [32m^[0m


[31m✘ [41;31m[[41;97mERROR[41;31m][0m [1mTS1135: Argument expression expected.[0m [1m[35m[plugin angular-compiler][0m

    src/app/components/auth/auth.component.ts:58:30:
[37m      58 │     console.error(Login error:[32m,[37m error);
         ╵                               [32m^[0m


[31m✘ [41;31m[[41;97mERROR[41;31m][0m [1mTS2695: Left side of comma operator is unused and has no side effects.[0m [1m[35m[plugin angular-compiler][0m

    src/app/components/auth/auth.component.ts:60:12:
[37m      60 │       next: [32m(response: UserCredential) => {[37m
         ╵             [32m~~~~~~~~~~~~~~~~~~~~~~~~~~~~~~~[0m


[31m✘ [41;31m[[41;97mERROR[41;31m][0m [1mTS2552: Cannot find name 'UserCredential'. Did you mean 'Credential'?[0m [1m[35m[plugin angular-compiler][0m

    src/app/components/auth/auth.component.ts:60:23:
[37m      60 │       next: (response: [32mUserCredential[37m) => {
         ╵                        [32m~~~~~~~~~~~~~~[0m

  'Credential' is declared here.

    node_modules/typescript/lib/lib.dom.d.ts:8381:12:
[37m      8381 │ declare var [32mCredential[37m: {
           ╵             [32m~~~~~~~~~~[0m


[31m✘ [41;31m[[41;97mERROR[41;31m][0m [1mTS1109: Expression expected.[0m [1m[35m[plugin angular-compiler][0m

    src/app/components/auth/auth.component.ts:65:6:
[37m      65 │       [32mcatch[37m((error: any) => {
         ╵       [32m~~~~~[0m


[31m✘ [41;31m[[41;97mERROR[41;31m][0m [1mTS1003: Identifier expected.[0m [1m[35m[plugin angular-compiler][0m

    src/app/components/auth/auth.component.ts:65:12:
[37m      65 │       catch([32m([37merror: any) => {
         ╵             [32m^[0m


[31m✘ [41;31m[[41;97mERROR[41;31m][0m [1mTS1005: ',' expected.[0m [1m[35m[plugin angular-compiler][0m

    src/app/components/auth/auth.component.ts:75:2:
[37m      75 │   [32monRegister[37m(): void {
         ╵   [32m~~~~~~~~~~[0m


[31m✘ [41;31m[[41;97mERROR[41;31m][0m [1mTS2304: Cannot find name 'onRegister'.[0m [1m[35m[plugin angular-compiler][0m

    src/app/components/auth/auth.component.ts:75:2:
[37m      75 │   [32monRegister[37m(): void {
         ╵   [32m~~~~~~~~~~[0m


[31m✘ [41;31m[[41;97mERROR[41;31m][0m [1mTS2554: Expected 0-1 arguments, but got 3.[0m [1m[35m[plugin angular-compiler][0m

    src/app/components/auth/auth.component.ts:75:2:
[37m      75 │   [32monRegister(): void {[37m
         ╵   [32m~~~~~~~~~~~~~~~~~~~~[0m


[31m✘ [41;31m[[41;97mERROR[41;31m][0m [1mTS1005: ',' expected.[0m [1m[35m[plugin angular-compiler][0m

    src/app/components/auth/auth.component.ts:75:14:
[37m      75 │   onRegister()[32m:[37m void {
         ╵               [32m^[0m


[31m✘ [41;31m[[41;97mERROR[41;31m][0m [1mTS1005: ',' expected.[0m [1m[35m[plugin angular-compiler][0m

    src/app/components/auth/auth.component.ts:77:11:
[37m      77 │     console[32m.[37mlog('Register clicked');
         ╵            [32m^[0m


[31m✘ [41;31m[[41;97mERROR[41;31m][0m [1mTS1005: ',' expected.[0m [1m[35m[plugin angular-compiler][0m

    src/app/components/auth/auth.component.ts:77:35:
[37m      77 │     console.log('Register clicked')[32m;[37m
         ╵                                    [32m^[0m


[31m✘ [41;31m[[41;97mERROR[41;31m][0m [1mTS1005: ',' expected.[0m [1m[35m[plugin angular-compiler][0m

    src/app/components/auth/auth.component.ts:79:0:
[37m      79 │ [32m}[37m
         ╵ [32m^[0m


[31m✘ [41;31m[[41;97mERROR[41;31m][0m [1mTS1005: '}' expected.[0m [1m[35m[plugin angular-compiler][0m

    src/app/components/auth/auth.component.ts:80:0:
[37m      80 │ [32m[37m
         ╵ [32m^[0m


[31m✘ [41;31m[[41;97mERROR[41;31m][0m [1mTS2459: Module '"../../services/products.service"' declares 'Product' locally, but it is not exported.[0m [1m[35m[plugin angular-compiler][0m

    src/app/components/products/products.component.ts:5:26:
[37m      5 │ import { ProductsService, [32mProduct[37m } from '../../services/products.s...
        ╵                           [32m~~~~~~~[0m

  'Product' is declared here.

    src/app/services/products.service.ts:4:9:
[37m      4 │ import { [32mProduct[37m } from '../models/product';  // Assume interface P...
        ╵          [32m~~~~~~~[0m


[31m✘ [41;31m[[41;97mERROR[41;31m][0m [1mTS2307: Cannot find module '../models/product' or its corresponding type declarations.[0m [1m[35m[plugin angular-compiler][0m

    src/app/services/products.service.ts:4:24:
[37m      4 │ import { Product } from [32m'../models/product'[37m;  // Assume interface P...
        ╵                         [32m~~~~~~~~~~~~~~~~~~~[0m


